<?xml version="1.0" encoding="UTF-8"?>
<testng-results ignored="0" total="1" passed="1" failed="0" skipped="0">
  <reporter-output>
  </reporter-output>
  <suite started-at="2022-07-31T21:35:02 IST" name="Default suite" finished-at="2022-07-31T21:35:02 IST" duration-ms="32">
    <groups>
    </groups>
    <test started-at="2022-07-31T21:35:02 IST" name="Default test" finished-at="2022-07-31T21:35:02 IST" duration-ms="32">
      <class name="package3Test.Package3TestClass">
        <test-method signature="testMethod()[pri:0, instance:package3Test.Package3TestClass@40cb8df7]" started-at="2022-07-31T21:35:02 IST" name="testMethod" finished-at="2022-07-31T21:35:02 IST" duration-ms="6" status="PASS">
          <reporter-output>
          </reporter-output>
        </test-method> <!-- testMethod -->
      </class> <!-- package3Test.Package3TestClass -->
    </test> <!-- Default test -->
  </suite> <!-- Default suite -->
</testng-results>
