<?xml version="1.0" encoding="UTF-8"?>
<testng-results ignored="0" total="1" passed="1" failed="0" skipped="0">
  <reporter-output>
  </reporter-output>
  <suite started-at="2022-07-31T16:02:34 IST" name="Default suite" finished-at="2022-07-31T16:02:34 IST" duration-ms="29">
    <groups>
    </groups>
    <test started-at="2022-07-31T16:02:34 IST" name="Default test" finished-at="2022-07-31T16:02:34 IST" duration-ms="29">
      <class name="package2.Package2Test">
        <test-method signature="TestMethod()[pri:0, instance:package2.Package2Test@40cb8df7]" started-at="2022-07-31T16:02:34 IST" name="TestMethod" finished-at="2022-07-31T16:02:34 IST" duration-ms="5" status="PASS">
          <reporter-output>
          </reporter-output>
        </test-method> <!-- TestMethod -->
      </class> <!-- package2.Package2Test -->
    </test> <!-- Default test -->
  </suite> <!-- Default suite -->
</testng-results>
